Xilinx Platform Studio (XPS)
Xilinx EDK 14.2 Build EDK_P.28xd
Copyright (c) 1995-2012 Xilinx, Inc.  All rights reserved.

Assigned Driver tft 3.01.a for instance xps_tft_0
xps_tft_0 has been added to the project
ERROR:EDK:4125 - IPNAME: xps_tft, INSTANCE: xps_tft_0, PARAMETER: C_DCR_SPLB_SLAVE_IF - ASSIGNMENT=REQUIRE is defined in the MPD. You must specify a value in the MHS. 
ERROR:EDK:4125 - IPNAME: xps_tft, INSTANCE: xps_tft_0, PARAMETER: C_TFT_INTERFACE - ASSIGNMENT=REQUIRE is defined in the MPD. You must specify a value in the MHS. 
ERROR:EDK:4125 - IPNAME: xps_tft, INSTANCE: xps_tft_0, PARAMETER: C_I2C_SLAVE_ADDR - ASSIGNMENT=REQUIRE is defined in the MPD. You must specify a value in the MHS. 
ERROR:EDK:4125 - IPNAME: xps_tft, INSTANCE: xps_tft_0, PARAMETER: C_DEFAULT_TFT_BASE_ADDR - ASSIGNMENT=REQUIRE is defined in the MPD. You must specify a value in the MHS. 
ERROR:EDK:4125 - IPNAME: xps_tft, INSTANCE: xps_tft_0, PARAMETER: C_SPLB_BASEADDR - ASSIGNMENT=REQUIRE is defined in the MPD. You must specify a value in the MHS. 
ERROR:EDK:4125 - IPNAME: xps_tft, INSTANCE: xps_tft_0, PARAMETER: C_SPLB_HIGHADDR - ASSIGNMENT=REQUIRE is defined in the MPD. You must specify a value in the MHS. 
WARNING:EDK:2137 - Peripheral xps_tft_0 is not accessible from any processor in the system. Check Bus Interface connections and address parameters. 
WARNING:EDK:2137 - Peripheral xps_tft_0 is not accessible from any processor in the system. Check Bus Interface connections and address parameters. 
Assigned Driver spi 3.04.a for instance xps_spi_0
xps_spi_0 has been added to the project
ERROR:EDK:4125 - IPNAME: xps_spi, INSTANCE: xps_spi_0, PARAMETER: C_BASEADDR - ASSIGNMENT=REQUIRE is defined in the MPD. You must specify a value in the MHS. 
ERROR:EDK:4125 - IPNAME: xps_spi, INSTANCE: xps_spi_0, PARAMETER: C_HIGHADDR - ASSIGNMENT=REQUIRE is defined in the MPD. You must specify a value in the MHS. 
WARNING:EDK:2137 - Peripheral xps_tft_0 is not accessible from any processor in the system. Check Bus Interface connections and address parameters. 
WARNING:EDK:2137 - Peripheral xps_spi_0 is not accessible from any processor in the system. Check Bus Interface connections and address parameters. 
WARNING:EDK:2137 - Peripheral xps_tft_0 is not accessible from any processor in the system. Check Bus Interface connections and address parameters. 
WARNING:EDK:2137 - Peripheral xps_spi_0 is not accessible from any processor in the system. Check Bus Interface connections and address parameters. 
WARNING:EDK:3967 - xps_spi (xps_spi_0) - ADDRESS specified by PARAMETER C_BASEADDR is ignored - C:\xilinxworkspace\COLOR_SENSOR\system.mhs line 174 
WARNING:EDK:2137 - Peripheral xps_tft_0 is not accessible from any processor in the system. Check Bus Interface connections and address parameters. 
WARNING:EDK:3967 - xps_spi (xps_spi_0) - ADDRESS specified by PARAMETER C_BASEADDR is ignored - C:\xilinxworkspace\COLOR_SENSOR\system.mhs line 174 
WARNING:EDK:2137 - Peripheral xps_tft_0 is not accessible from any processor in the system. Check Bus Interface connections and address parameters. 
WARNING:EDK:3967 - xps_tft (xps_tft_0) - ADDRESS specified by PARAMETER C_SPLB_BASEADDR is ignored - C:\xilinxworkspace\COLOR_SENSOR\system.mhs line 163 
WARNING:EDK:3967 - xps_spi (xps_spi_0) - ADDRESS specified by PARAMETER C_BASEADDR is ignored - C:\xilinxworkspace\COLOR_SENSOR\system.mhs line 174 
Address Map for Processor microblaze_0
  (0000000000-0x0000ffff) dlmb_cntlr	dlmb
  (0000000000-0x0000ffff) ilmb_cntlr	ilmb
  (0x83400000-0x8340ffff) xps_spi_0	mb_plb
  (0x84400000-0x8440ffff) mdm_0	mb_plb
  (0x86e00000-0x86e0ffff) xps_tft_0	mb_plb
  (0x8c000000-0x8fffffff) DDR_SDRAM	mb_plb
Generated Addresses Successfully
Assigned Driver gpio 3.00.a for instance xps_gpio_0
xps_gpio_0 has been added to the project
ERROR:EDK:4125 - IPNAME: xps_gpio, INSTANCE: xps_gpio_0, PARAMETER: C_BASEADDR - ASSIGNMENT=REQUIRE is defined in the MPD. You must specify a value in the MHS. 
ERROR:EDK:4125 - IPNAME: xps_gpio, INSTANCE: xps_gpio_0, PARAMETER: C_HIGHADDR - ASSIGNMENT=REQUIRE is defined in the MPD. You must specify a value in the MHS. 
WARNING:EDK:2137 - Peripheral xps_gpio_0 is not accessible from any processor in the system. Check Bus Interface connections and address parameters. 
WARNING:EDK:2137 - Peripheral xps_gpio_0 is not accessible from any processor in the system. Check Bus Interface connections and address parameters. 
Overriding Xilinx file <TextEditor.cfg> with local file <C:/Xilinx/14.2/ISE_DS/EDK/data/TextEditor.cfg>
Address Map for Processor microblaze_0
  (0000000000-0x0000ffff) dlmb_cntlr	dlmb
  (0000000000-0x0000ffff) ilmb_cntlr	ilmb
  (0x83400000-0x8340ffff) xps_spi_0	mb_plb
  (0x84400000-0x8440ffff) mdm_0	mb_plb
  (0x86e00000-0x86e0ffff) xps_tft_0	mb_plb
  (0x8c000000-0x8fffffff) DDR_SDRAM	mb_plb
WARNING:EDK:2137 - Peripheral xps_gpio_0 is not accessible from any processor in the system. Check Bus Interface connections and address parameters. 
Generated Addresses Successfully
WARNING:EDK:2137 - Peripheral xps_gpio_0 is not accessible from any processor in the system. Check Bus Interface connections and address parameters. 
WARNING:EDK:3967 - xps_gpio (xps_gpio_0) - ADDRESS specified by PARAMETER C_BASEADDR is ignored - C:\xilinxworkspace\COLOR_SENSOR\system.mhs line 184 
Address Map for Processor microblaze_0
  (0000000000-0x0000ffff) dlmb_cntlr	dlmb
  (0000000000-0x0000ffff) ilmb_cntlr	ilmb
  (0x81400000-0x8140ffff) xps_gpio_0	mb_plb
  (0x83400000-0x8340ffff) xps_spi_0	mb_plb
  (0x84400000-0x8440ffff) mdm_0	mb_plb
  (0x86e00000-0x86e0ffff) xps_tft_0	mb_plb
  (0x8c000000-0x8fffffff) DDR_SDRAM	mb_plb
Generated Addresses Successfully
The project's MHS file has changed on disk.
Warning - external port LED_pins width [3] does not match net xps_gpio_0_GPIO_IO_O width [32]
The project's MHS file has changed on disk.
Save project successfully
Writing filter settings....
Done writing filter settings to:
	C:\xilinxworkspace\COLOR_SENSOR\etc\system.filters
Done writing Tab View settings to:
	C:\xilinxworkspace\COLOR_SENSOR\etc\system.gui
